<?xml version="1.0" encoding="UTF-8"?>
<!-- Generated by org.testng.reporters.JUnitXMLReporter -->
<testsuite ignored="0" hostname="SyedThowhith07" failures="0" tests="6" name="Test" time="20.845" errors="0" timestamp="2024-11-18T13:10:06 IST">
  <testcase classname="com.TestNG.CrossBrowser" name="edge" time="8.019"/>
  <testcase classname="com.TestNG.CrossBrowser" name="chrome" time="4.143"/>
  <testcase classname="com.TestNG.CrossBrowser" name="firefox" time="8.588"/>
  <testcase classname="com.TestNG.SimpleAnnotations" name="kids" time="0.004"/>
  <testcase classname="com.TestNG.SimpleAnnotations" name="men" time="0.004"/>
  <testcase classname="com.TestNG.SimpleAnnotations" name="women" time="0.0"/>
</testsuite> <!-- Test -->
